[0KRunning with gitlab-runner 10.8.0 (079aad9e)
[0;m[0K  on b735c4435862 79062fad
[0;m[0KUsing Docker executor with image registry.gitlab.com/build-images/docker:latest ...
[0;m[0KStarting service docker:dind ...
[0;m[0KPulling docker image docker:dind ...
[0;m[0KUsing docker image sha256:1f44348b3ad523d5dc4ae7d53bd873879e06e0df2d686e9029a666945443ef42 for docker:dind ...
[0;m[0KWaiting for services to be up and running...
[0;m[0KPulling docker image registry.gitlab.com/build-images/docker:latest ...
[0;m[0KUsing docker image sha256:83ccfaae424dffa470653d8ecc72d20852f51360117b2e7cd984ce4710461953 for registry.gitlab.com/build-images/docker:latest ...
[0;msection_start:1529614174:prepare_script[0KRunning on runner-79062fad-project-2-concurrent-0 via c6655eff57e6...
section_end:1529614176:prepare_script[0Ksection_start:1529614176:get_sources[0K[32;1mCloning repository...[0;m
Cloning into '/builds/pa/ssb'...
[32;1mChecking out 1172bed9 as master...[0;m
[32;1mUpdating/initializing submodules recursively...[0;m
section_end:1529614181:get_sources[0Ksection_start:1529614181:restore_cache[0Ksection_end:1529614183:restore_cache[0Ksection_start:1529614183:download_artifacts[0K[32;1mDownloading artifacts for hugo-build (6)...[0;m
Downloading artifacts from coordinator... ok      [0;m  id[0;m=6 responseStatus[0;m=200 OK token[0;m=2VYyfPhi
section_end:1529614184:download_artifacts[0Ksection_start:1529614184:build_script[0K[32;1m$ cd hugo-image[0;m
[32;1m$ docker build -t registry.services.alin.be/ssb-alin:v1 .[0;m
Sending build context to Docker daemon  14.85kB
Step 1/9 : FROM registry.services.alin.be/nginx:1.13.9-alpine
1.13.9-alpine: Pulling from nginx
ff3a5c916c92: Pulling fs layer
b4f3ef22ce5b: Pulling fs layer
8a6541d11dc3: Pulling fs layer
7e869e2dcf68: Pulling fs layer
7e869e2dcf68: Waiting
b4f3ef22ce5b: Verifying Checksum
b4f3ef22ce5b: Download complete
ff3a5c916c92: Verifying Checksum
ff3a5c916c92: Download complete
8a6541d11dc3: Verifying Checksum
8a6541d11dc3: Download complete
7e869e2dcf68: Verifying Checksum
7e869e2dcf68: Download complete
ff3a5c916c92: Pull complete
b4f3ef22ce5b: Pull complete
8a6541d11dc3: Pull complete
7e869e2dcf68: Pull complete
Digest: sha256:7129a88c455160dc25ce8499e1a4bfc4cb09ca5a67402ec974b9ae96bf2d94d0
Status: Downloaded newer image for registry.services.alin.be/nginx:1.13.9-alpine
 ---> 537527661905
Step 2/9 : COPY .htpasswd /etc/nginx/.htpasswd
 ---> 820271d2fca0
Step 3/9 : COPY conf.d /etc/nginx/conf.d/
 ---> 70eaa076160c
Step 4/9 : COPY localtime /etc/localtime
 ---> e3e2d2c2c947
Step 5/9 : RUN apk add --update bash curl
 ---> Running in 4ec3760cb648
fetch http://dl-cdn.alpinelinux.org/alpine/v3.7/main/x86_64/APKINDEX.tar.gz
fetch http://dl-cdn.alpinelinux.org/alpine/v3.7/community/x86_64/APKINDEX.tar.gz
(1/10) Installing pkgconf (1.3.10-r0)
(2/10) Installing ncurses-terminfo-base (6.0_p20171125-r0)
(3/10) Installing ncurses-terminfo (6.0_p20171125-r0)
(4/10) Installing ncurses-libs (6.0_p20171125-r0)
(5/10) Installing readline (7.0.003-r0)
(6/10) Installing bash (4.4.19-r1)
Executing bash-4.4.19-r1.post-install
(7/10) Installing ca-certificates (20171114-r0)
(8/10) Installing libssh2 (1.8.0-r2)
(9/10) Installing libcurl (7.60.0-r1)
(10/10) Installing curl (7.60.0-r1)
Executing busybox-1.27.2-r7.trigger
Executing ca-certificates-20171114-r0.trigger
OK: 27 MiB in 38 packages
Removing intermediate container 4ec3760cb648
 ---> 1625c72f3466
Step 6/9 : ENV NGINX_HOST pa.servicess.alin.be
 ---> Running in 04b3bffccec6
Removing intermediate container 04b3bffccec6
 ---> 7c8f0620166b
Step 7/9 : ENV NGINX_PORT 80
 ---> Running in bccba93d9724
Removing intermediate container bccba93d9724
 ---> e7cabe41ecc8
Step 8/9 : COPY html/ /usr/share/nginx/html
COPY failed: stat /var/lib/docker/tmp/docker-builder899907263/html: no such file or directory
section_end:1529614194:build_script[0Ksection_start:1529614194:after_script[0Ksection_end:1529614197:after_script[0K[31;1mERROR: Job failed: exit code 1
[0;m